C:\Users\Admin\Desktop\Richline\MIS\dataextract\extractor\extractor.py changed, reloading.
Watching for file changes with StatReloader
"GET / HTTP/1.1" 200 1485
"POST / HTTP/1.1" 200 1780
C:\Users\Admin\Desktop\Richline\MIS\dataextract\extractor\extractor.py changed, reloading.
Watching for file changes with StatReloader
"GET / HTTP/1.1" 200 1485
"POST / HTTP/1.1" 200 1780
C:\Users\Admin\Desktop\Richline\MIS\dataextract\extractor\extractor.py changed, reloading.
Watching for file changes with StatReloader
C:\Users\Admin\Desktop\Richline\MIS\dataextract\extractor\extractor.py changed, reloading.
Watching for file changes with StatReloader
C:\Users\Admin\Desktop\Richline\MIS\dataextract\extractor\extractor.py changed, reloading.
Watching for file changes with StatReloader
C:\Users\Admin\Desktop\Richline\MIS\dataextract\extractor\extractor.py changed, reloading.
Watching for file changes with StatReloader
C:\Users\Admin\Desktop\Richline\MIS\dataextract\extractor\extractor.py changed, reloading.
Watching for file changes with StatReloader
C:\Users\Admin\Desktop\Richline\MIS\dataextract\extractor\extractor.py changed, reloading.
Watching for file changes with StatReloader
C:\Users\Admin\Desktop\Richline\MIS\dataextract\extractor\extractor.py changed, reloading.
Watching for file changes with StatReloader
C:\Users\Admin\Desktop\Richline\MIS\dataextract\extractor\extractor.py changed, reloading.
Watching for file changes with StatReloader
C:\Users\Admin\Desktop\Richline\MIS\dataextract\extractor\extractor.py changed, reloading.
Watching for file changes with StatReloader
C:\Users\Admin\Desktop\Richline\MIS\dataextract\extractor\extractor.py changed, reloading.
Watching for file changes with StatReloader
"GET / HTTP/1.1" 200 1485
"POST / HTTP/1.1" 200 1780
C:\Users\Admin\Desktop\Richline\MIS\dataextract\extractor\extractor.py changed, reloading.
Watching for file changes with StatReloader
"GET / HTTP/1.1" 200 1485
"POST / HTTP/1.1" 200 1780
Watching for file changes with StatReloader
"GET / HTTP/1.1" 200 1485
"POST / HTTP/1.1" 200 1780
Watching for file changes with StatReloader
"GET / HTTP/1.1" 200 1485
Not Found: /favicon.ico
"GET /favicon.ico HTTP/1.1" 404 2465
"POST / HTTP/1.1" 200 1780
C:\Users\Admin\Desktop\Richline\MIS\dataextract\extractor\extractor.py changed, reloading.
Watching for file changes with StatReloader
"GET / HTTP/1.1" 200 1485
"POST / HTTP/1.1" 200 1773
C:\Users\Admin\Desktop\Richline\MIS\dataextract\extractor\extractor.py changed, reloading.
Watching for file changes with StatReloader
C:\Users\Admin\Desktop\Richline\MIS\dataextract\extractor\extractor.py changed, reloading.
Watching for file changes with StatReloader
C:\Users\Admin\Desktop\Richline\MIS\dataextract\extractor\extractor.py changed, reloading.
Watching for file changes with StatReloader
C:\Users\Admin\Desktop\Richline\MIS\dataextract\extractor\extractor.py changed, reloading.
Watching for file changes with StatReloader
"GET / HTTP/1.1" 200 1485
"POST / HTTP/1.1" 200 1780
C:\Users\Admin\Desktop\Richline\MIS\dataextract\extractor\extractor.py changed, reloading.
Watching for file changes with StatReloader
C:\Users\Admin\Desktop\Richline\MIS\dataextract\extractor\extractor.py changed, reloading.
Watching for file changes with StatReloader
"GET / HTTP/1.1" 200 1485
"POST / HTTP/1.1" 200 1773
C:\Users\Admin\Desktop\Richline\MIS\dataextract\extractor\extractor.py changed, reloading.
Watching for file changes with StatReloader
C:\Users\Admin\Desktop\Richline\MIS\dataextract\extractor\extractor.py changed, reloading.
Watching for file changes with StatReloader
C:\Users\Admin\Desktop\Richline\MIS\dataextract\extractor\extractor.py changed, reloading.
Watching for file changes with StatReloader
C:\Users\Admin\Desktop\Richline\MIS\dataextract\extractor\extractor.py changed, reloading.
Watching for file changes with StatReloader
C:\Users\Admin\Desktop\Richline\MIS\dataextract\extractor\extractor.py changed, reloading.
Watching for file changes with StatReloader
C:\Users\Admin\Desktop\Richline\MIS\dataextract\extractor\extractor.py changed, reloading.
Watching for file changes with StatReloader
C:\Users\Admin\Desktop\Richline\MIS\dataextract\extractor\extractor.py changed, reloading.
Watching for file changes with StatReloader
C:\Users\Admin\Desktop\Richline\MIS\dataextract\extractor\extractor.py changed, reloading.
Watching for file changes with StatReloader
C:\Users\Admin\Desktop\Richline\MIS\dataextract\extractor\extractor.py changed, reloading.
Watching for file changes with StatReloader
C:\Users\Admin\Desktop\Richline\MIS\dataextract\extractor\extractor.py changed, reloading.
Watching for file changes with StatReloader
C:\Users\Admin\Desktop\Richline\MIS\dataextract\extractor\extractor.py changed, reloading.
Watching for file changes with StatReloader
C:\Users\Admin\Desktop\Richline\MIS\dataextract\extractor\extractor.py changed, reloading.
Watching for file changes with StatReloader
C:\Users\Admin\Desktop\Richline\MIS\dataextract\extractor\extractor.py changed, reloading.
Watching for file changes with StatReloader
C:\Users\Admin\Desktop\Richline\MIS\dataextract\extractor\extractor.py changed, reloading.
Watching for file changes with StatReloader
C:\Users\Admin\Desktop\Richline\MIS\dataextract\extractor\extractor.py changed, reloading.
Watching for file changes with StatReloader
C:\Users\Admin\Desktop\Richline\MIS\dataextract\extractor\extractor.py changed, reloading.
Watching for file changes with StatReloader
C:\Users\Admin\Desktop\Richline\MIS\dataextract\extractor\extractor.py changed, reloading.
Watching for file changes with StatReloader
C:\Users\Admin\Desktop\Richline\MIS\dataextract\extractor\extractor.py changed, reloading.
Watching for file changes with StatReloader
C:\Users\Admin\Desktop\Richline\MIS\dataextract\extractor\extractor.py changed, reloading.
Watching for file changes with StatReloader
C:\Users\Admin\Desktop\Richline\MIS\dataextract\extractor\extractor.py changed, reloading.
Watching for file changes with StatReloader
C:\Users\Admin\Desktop\Richline\MIS\dataextract\extractor\extractor.py changed, reloading.
Watching for file changes with StatReloader
C:\Users\Admin\Desktop\Richline\MIS\dataextract\extractor\extractor.py changed, reloading.
Watching for file changes with StatReloader
C:\Users\Admin\Desktop\Richline\MIS\dataextract\extractor\extractor.py changed, reloading.
Watching for file changes with StatReloader
C:\Users\Admin\Desktop\Richline\MIS\dataextract\extractor\extractor.py changed, reloading.
Watching for file changes with StatReloader
C:\Users\Admin\Desktop\Richline\MIS\dataextract\extractor\extractor.py changed, reloading.
Watching for file changes with StatReloader
C:\Users\Admin\Desktop\Richline\MIS\dataextract\extractor\extractor.py changed, reloading.
Watching for file changes with StatReloader
C:\Users\Admin\Desktop\Richline\MIS\dataextract\extractor\extractor.py changed, reloading.
Watching for file changes with StatReloader
"GET / HTTP/1.1" 200 1485
"POST / HTTP/1.1" 200 1780
C:\Users\Admin\Desktop\Richline\MIS\dataextract\extractor\extractor.py changed, reloading.
Watching for file changes with StatReloader
"GET / HTTP/1.1" 200 1485
"POST / HTTP/1.1" 200 18095
C:\Users\Admin\Desktop\Richline\MIS\dataextract\extractor\extractor.py changed, reloading.
Watching for file changes with StatReloader
"GET / HTTP/1.1" 200 1485
"POST / HTTP/1.1" 200 1780
C:\Users\Admin\Desktop\Richline\MIS\dataextract\extractor\extractor.py changed, reloading.
Watching for file changes with StatReloader
"GET / HTTP/1.1" 200 1485
"POST / HTTP/1.1" 200 1780
C:\Users\Admin\Desktop\Richline\MIS\dataextract\extractor\extractor.py changed, reloading.
Watching for file changes with StatReloader
C:\Users\Admin\Desktop\Richline\MIS\dataextract\extractor\extractor.py changed, reloading.
Watching for file changes with StatReloader
C:\Users\Admin\Desktop\Richline\MIS\dataextract\extractor\extractor.py changed, reloading.
Watching for file changes with StatReloader
C:\Users\Admin\Desktop\Richline\MIS\dataextract\extractor\extractor.py changed, reloading.
Watching for file changes with StatReloader
"GET / HTTP/1.1" 200 1485
"POST / HTTP/1.1" 200 1780
Watching for file changes with StatReloader
"GET / HTTP/1.1" 200 1485
- Broken pipe from ('127.0.0.1', 55154)
"POST / HTTP/1.1" 200 1780
C:\Users\Admin\Desktop\Richline\MIS\dataextract\extractor\extractor.py changed, reloading.
Watching for file changes with StatReloader
"GET / HTTP/1.1" 200 1485
"POST / HTTP/1.1" 200 1780
C:\Users\Admin\Desktop\Richline\MIS\dataextract\extractor\extractor.py changed, reloading.
Watching for file changes with StatReloader
C:\Users\Admin\Desktop\Richline\MIS\dataextract\extractor\extractor.py changed, reloading.
Watching for file changes with StatReloader
C:\Users\Admin\Desktop\Richline\MIS\dataextract\extractor\extractor.py changed, reloading.
Watching for file changes with StatReloader
C:\Users\Admin\Desktop\Richline\MIS\dataextract\extractor\extractor.py changed, reloading.
Watching for file changes with StatReloader
C:\Users\Admin\Desktop\Richline\MIS\dataextract\extractor\extractor.py changed, reloading.
Watching for file changes with StatReloader
C:\Users\Admin\Desktop\Richline\MIS\dataextract\extractor\extractor.py changed, reloading.
Watching for file changes with StatReloader
C:\Users\Admin\Desktop\Richline\MIS\dataextract\extractor\extractor.py changed, reloading.
Watching for file changes with StatReloader
C:\Users\Admin\Desktop\Richline\MIS\dataextract\extractor\extractor.py changed, reloading.
Watching for file changes with StatReloader
C:\Users\Admin\Desktop\Richline\MIS\dataextract\extractor\extractor.py changed, reloading.
Watching for file changes with StatReloader
C:\Users\Admin\Desktop\Richline\MIS\dataextract\extractor\extractor.py changed, reloading.
Watching for file changes with StatReloader
C:\Users\Admin\Desktop\Richline\MIS\dataextract\extractor\extractor.py changed, reloading.
Watching for file changes with StatReloader
C:\Users\Admin\Desktop\Richline\MIS\dataextract\extractor\extractor.py changed, reloading.
Watching for file changes with StatReloader
C:\Users\Admin\Desktop\Richline\MIS\dataextract\extractor\extractor.py changed, reloading.
Watching for file changes with StatReloader
C:\Users\Admin\Desktop\Richline\MIS\dataextract\extractor\extractor.py changed, reloading.
Watching for file changes with StatReloader
C:\Users\Admin\Desktop\Richline\MIS\dataextract\extractor\extractor.py changed, reloading.
Watching for file changes with StatReloader
C:\Users\Admin\Desktop\Richline\MIS\dataextract\extractor\extractor.py changed, reloading.
Watching for file changes with StatReloader
C:\Users\Admin\Desktop\Richline\MIS\dataextract\extractor\extractor.py changed, reloading.
Watching for file changes with StatReloader
C:\Users\Admin\Desktop\Richline\MIS\dataextract\extractor\extractor.py changed, reloading.
Watching for file changes with StatReloader
C:\Users\Admin\Desktop\Richline\MIS\dataextract\extractor\extractor.py changed, reloading.
Watching for file changes with StatReloader
C:\Users\Admin\Desktop\Richline\MIS\dataextract\extractor\extractor.py changed, reloading.
Watching for file changes with StatReloader
C:\Users\Admin\Desktop\Richline\MIS\dataextract\extractor\extractor.py changed, reloading.
Watching for file changes with StatReloader
C:\Users\Admin\Desktop\Richline\MIS\dataextract\extractor\extractor.py changed, reloading.
Watching for file changes with StatReloader
C:\Users\Admin\Desktop\Richline\MIS\dataextract\extractor\extractor.py changed, reloading.
Watching for file changes with StatReloader
C:\Users\Admin\Desktop\Richline\MIS\dataextract\extractor\extractor.py changed, reloading.
Watching for file changes with StatReloader
C:\Users\Admin\Desktop\Richline\MIS\dataextract\extractor\extractor.py changed, reloading.
Watching for file changes with StatReloader
C:\Users\Admin\Desktop\Richline\MIS\dataextract\extractor\extractor.py changed, reloading.
Watching for file changes with StatReloader
C:\Users\Admin\Desktop\Richline\MIS\dataextract\extractor\extractor.py changed, reloading.
Watching for file changes with StatReloader
C:\Users\Admin\Desktop\Richline\MIS\dataextract\extractor\extractor.py changed, reloading.
Watching for file changes with StatReloader
"GET / HTTP/1.1" 200 1485
"POST / HTTP/1.1" 200 1780
C:\Users\Admin\Desktop\Richline\MIS\dataextract\extractor\extractor.py changed, reloading.
Watching for file changes with StatReloader
"GET / HTTP/1.1" 200 1485
"POST / HTTP/1.1" 200 18095
C:\Users\Admin\Desktop\Richline\MIS\dataextract\extractor\extractor.py changed, reloading.
Watching for file changes with StatReloader
"GET / HTTP/1.1" 200 1485
"POST / HTTP/1.1" 200 1780
"POST / HTTP/1.1" 200 1780
"POST / HTTP/1.1" 200 1780
C:\Users\Admin\Desktop\Richline\MIS\dataextract\extractor\extractor.py changed, reloading.
Watching for file changes with StatReloader
"GET / HTTP/1.1" 200 1485
"POST / HTTP/1.1" 200 18095
Watching for file changes with StatReloader
"GET / HTTP/1.1" 200 1485
"POST / HTTP/1.1" 200 1780
C:\Users\Admin\Desktop\Richline\MIS\dataextract\extractor\extractor.py changed, reloading.
Watching for file changes with StatReloader
"POST / HTTP/1.1" 200 18095
C:\Users\Admin\Desktop\Richline\MIS\dataextract\extractor\extractor.py changed, reloading.
Watching for file changes with StatReloader
"POST / HTTP/1.1" 200 1780
C:\Users\Admin\Desktop\Richline\MIS\dataextract\extractor\extractor.py changed, reloading.
Watching for file changes with StatReloader
"GET / HTTP/1.1" 200 1485
"POST / HTTP/1.1" 200 1780
C:\Users\Admin\Desktop\Richline\MIS\dataextract\extractor\extractor.py changed, reloading.
Watching for file changes with StatReloader
"POST / HTTP/1.1" 200 1780
"POST / HTTP/1.1" 200 1780
C:\Users\Admin\Desktop\Richline\MIS\dataextract\extractor\extractor.py changed, reloading.
Watching for file changes with StatReloader
"POST / HTTP/1.1" 200 18095
C:\Users\Admin\Desktop\Richline\MIS\dataextract\extractor\extractor.py changed, reloading.
Watching for file changes with StatReloader
C:\Users\Admin\Desktop\Richline\MIS\dataextract\extractor\extractor.py changed, reloading.
Watching for file changes with StatReloader
C:\Users\Admin\Desktop\Richline\MIS\dataextract\extractor\extractor.py changed, reloading.
Watching for file changes with StatReloader
C:\Users\Admin\Desktop\Richline\MIS\dataextract\extractor\extractor.py changed, reloading.
Watching for file changes with StatReloader
"GET / HTTP/1.1" 200 1485
"POST / HTTP/1.1" 200 18165
C:\Users\Admin\Desktop\Richline\MIS\dataextract\extractor\extractor.py changed, reloading.
Watching for file changes with StatReloader
C:\Users\Admin\Desktop\Richline\MIS\dataextract\extractor\extractor.py changed, reloading.
Watching for file changes with StatReloader
C:\Users\Admin\Desktop\Richline\MIS\dataextract\extractor\extractor.py changed, reloading.
Watching for file changes with StatReloader
C:\Users\Admin\Desktop\Richline\MIS\dataextract\extractor\extractor.py changed, reloading.
Watching for file changes with StatReloader
C:\Users\Admin\Desktop\Richline\MIS\dataextract\extractor\extractor.py changed, reloading.
Watching for file changes with StatReloader
C:\Users\Admin\Desktop\Richline\MIS\dataextract\extractor\extractor.py changed, reloading.
Watching for file changes with StatReloader
"POST / HTTP/1.1" 200 18203
C:\Users\Admin\Desktop\Richline\MIS\dataextract\extractor\extractor.py changed, reloading.
Watching for file changes with StatReloader
C:\Users\Admin\Desktop\Richline\MIS\dataextract\extractor\extractor.py changed, reloading.
Watching for file changes with StatReloader
"GET / HTTP/1.1" 200 1485
"POST / HTTP/1.1" 200 18203
C:\Users\Admin\Desktop\Richline\MIS\dataextract\extractor\extractor.py changed, reloading.
Watching for file changes with StatReloader
"GET / HTTP/1.1" 200 1485
"POST / HTTP/1.1" 200 1780
C:\Users\Admin\Desktop\Richline\MIS\dataextract\extractor\extractor.py changed, reloading.
Watching for file changes with StatReloader
C:\Users\Admin\Desktop\Richline\MIS\dataextract\extractor\extractor.py changed, reloading.
Watching for file changes with StatReloader
C:\Users\Admin\Desktop\Richline\MIS\dataextract\extractor\extractor.py changed, reloading.
Watching for file changes with StatReloader
C:\Users\Admin\Desktop\Richline\MIS\dataextract\extractor\extractor.py changed, reloading.
Watching for file changes with StatReloader
"GET / HTTP/1.1" 200 1485
"POST / HTTP/1.1" 200 18203
C:\Users\Admin\Desktop\Richline\MIS\dataextract\extractor\extractor.py changed, reloading.
Watching for file changes with StatReloader
"POST / HTTP/1.1" 200 18165
C:\Users\Admin\Desktop\Richline\MIS\dataextract\extractor\extractor.py changed, reloading.
Watching for file changes with StatReloader
C:\Users\Admin\Desktop\Richline\MIS\dataextract\extractor\extractor.py changed, reloading.
Watching for file changes with StatReloader
C:\Users\Admin\Desktop\Richline\MIS\dataextract\extractor\extractor.py changed, reloading.
Watching for file changes with StatReloader
C:\Users\Admin\Desktop\Richline\MIS\dataextract\extractor\extractor.py changed, reloading.
Watching for file changes with StatReloader
C:\Users\Admin\Desktop\Richline\MIS\dataextract\extractor\extractor.py changed, reloading.
Watching for file changes with StatReloader
C:\Users\Admin\Desktop\Richline\MIS\dataextract\extractor\extractor.py changed, reloading.
Watching for file changes with StatReloader
C:\Users\Admin\Desktop\Richline\MIS\dataextract\extractor\extractor.py changed, reloading.
Watching for file changes with StatReloader
C:\Users\Admin\Desktop\Richline\MIS\dataextract\extractor\extractor.py changed, reloading.
Watching for file changes with StatReloader
C:\Users\Admin\Desktop\Richline\MIS\dataextract\extractor\extractor.py changed, reloading.
Watching for file changes with StatReloader
C:\Users\Admin\Desktop\Richline\MIS\dataextract\extractor\extractor.py changed, reloading.
Watching for file changes with StatReloader
C:\Users\Admin\Desktop\Richline\MIS\dataextract\extractor\extractor.py changed, reloading.
Watching for file changes with StatReloader
C:\Users\Admin\Desktop\Richline\MIS\dataextract\extractor\extractor.py changed, reloading.
Watching for file changes with StatReloader
C:\Users\Admin\Desktop\Richline\MIS\dataextract\extractor\extractor.py changed, reloading.
Watching for file changes with StatReloader
C:\Users\Admin\Desktop\Richline\MIS\dataextract\extractor\extractor.py changed, reloading.
Watching for file changes with StatReloader
"GET / HTTP/1.1" 200 1485
"POST / HTTP/1.1" 200 19801
C:\Users\Admin\Desktop\Richline\MIS\dataextract\extractor\extractor.py changed, reloading.
Watching for file changes with StatReloader
C:\Users\Admin\Desktop\Richline\MIS\dataextract\extractor\extractor.py changed, reloading.
Watching for file changes with StatReloader
C:\Users\Admin\Desktop\Richline\MIS\dataextract\extractor\extractor.py changed, reloading.
Watching for file changes with StatReloader
C:\Users\Admin\Desktop\Richline\MIS\dataextract\extractor\extractor.py changed, reloading.
Watching for file changes with StatReloader
C:\Users\Admin\Desktop\Richline\MIS\dataextract\extractor\extractor.py changed, reloading.
Watching for file changes with StatReloader
C:\Users\Admin\Desktop\Richline\MIS\dataextract\extractor\extractor.py changed, reloading.
Watching for file changes with StatReloader
"POST / HTTP/1.1" 200 19801
C:\Users\Admin\Desktop\Richline\MIS\dataextract\extractor\extractor.py changed, reloading.
Watching for file changes with StatReloader
C:\Users\Admin\Desktop\Richline\MIS\dataextract\extractor\extractor.py changed, reloading.
Watching for file changes with StatReloader
C:\Users\Admin\Desktop\Richline\MIS\dataextract\extractor\extractor.py changed, reloading.
Watching for file changes with StatReloader
C:\Users\Admin\Desktop\Richline\MIS\dataextract\extractor\extractor.py changed, reloading.
Watching for file changes with StatReloader
C:\Users\Admin\Desktop\Richline\MIS\dataextract\extractor\extractor.py changed, reloading.
Watching for file changes with StatReloader
C:\Users\Admin\Desktop\Richline\MIS\dataextract\extractor\extractor.py changed, reloading.
Watching for file changes with StatReloader
C:\Users\Admin\Desktop\Richline\MIS\dataextract\extractor\extractor.py changed, reloading.
Watching for file changes with StatReloader
C:\Users\Admin\Desktop\Richline\MIS\dataextract\extractor\extractor.py changed, reloading.
Watching for file changes with StatReloader
C:\Users\Admin\Desktop\Richline\MIS\dataextract\extractor\extractor.py changed, reloading.
Watching for file changes with StatReloader
C:\Users\Admin\Desktop\Richline\MIS\dataextract\extractor\extractor.py changed, reloading.
Watching for file changes with StatReloader
C:\Users\Admin\Desktop\Richline\MIS\dataextract\extractor\extractor.py changed, reloading.
Watching for file changes with StatReloader
C:\Users\Admin\Desktop\Richline\MIS\dataextract\extractor\extractor.py changed, reloading.
Watching for file changes with StatReloader
C:\Users\Admin\Desktop\Richline\MIS\dataextract\extractor\extractor.py changed, reloading.
Watching for file changes with StatReloader
C:\Users\Admin\Desktop\Richline\MIS\dataextract\extractor\extractor.py changed, reloading.
Watching for file changes with StatReloader
C:\Users\Admin\Desktop\Richline\MIS\dataextract\extractor\extractor.py changed, reloading.
Watching for file changes with StatReloader
C:\Users\Admin\Desktop\Richline\MIS\dataextract\extractor\extractor.py changed, reloading.
Watching for file changes with StatReloader
C:\Users\Admin\Desktop\Richline\MIS\dataextract\extractor\extractor.py changed, reloading.
Watching for file changes with StatReloader
C:\Users\Admin\Desktop\Richline\MIS\dataextract\extractor\extractor.py changed, reloading.
Watching for file changes with StatReloader
C:\Users\Admin\Desktop\Richline\MIS\dataextract\extractor\extractor.py changed, reloading.
Watching for file changes with StatReloader
C:\Users\Admin\Desktop\Richline\MIS\dataextract\extractor\extractor.py changed, reloading.
Watching for file changes with StatReloader
C:\Users\Admin\Desktop\Richline\MIS\dataextract\extractor\extractor.py changed, reloading.
Watching for file changes with StatReloader
C:\Users\Admin\Desktop\Richline\MIS\dataextract\extractor\extractor.py changed, reloading.
Watching for file changes with StatReloader
C:\Users\Admin\Desktop\Richline\MIS\dataextract\extractor\extractor.py changed, reloading.
Watching for file changes with StatReloader
C:\Users\Admin\Desktop\Richline\MIS\dataextract\extractor\extractor.py changed, reloading.
Watching for file changes with StatReloader
C:\Users\Admin\Desktop\Richline\MIS\dataextract\extractor\extractor.py changed, reloading.
Watching for file changes with StatReloader
C:\Users\Admin\Desktop\Richline\MIS\dataextract\extractor\extractor.py changed, reloading.
Watching for file changes with StatReloader
C:\Users\Admin\Desktop\Richline\MIS\dataextract\extractor\extractor.py changed, reloading.
Watching for file changes with StatReloader
"GET / HTTP/1.1" 200 1485
"POST / HTTP/1.1" 200 1780
C:\Users\Admin\Desktop\Richline\MIS\dataextract\extractor\extractor.py changed, reloading.
Watching for file changes with StatReloader
C:\Users\Admin\Desktop\Richline\MIS\dataextract\extractor\extractor.py changed, reloading.
Watching for file changes with StatReloader
C:\Users\Admin\Desktop\Richline\MIS\dataextract\extractor\extractor.py changed, reloading.
Watching for file changes with StatReloader
C:\Users\Admin\Desktop\Richline\MIS\dataextract\extractor\extractor.py changed, reloading.
Watching for file changes with StatReloader
"GET / HTTP/1.1" 200 1485
"POST / HTTP/1.1" 200 20072
C:\Users\Admin\Desktop\Richline\MIS\dataextract\extractor\extractor.py changed, reloading.
Watching for file changes with StatReloader
C:\Users\Admin\Desktop\Richline\MIS\dataextract\extractor\extractor.py changed, reloading.
Watching for file changes with StatReloader
C:\Users\Admin\Desktop\Richline\MIS\dataextract\extractor\extractor.py changed, reloading.
Watching for file changes with StatReloader
C:\Users\Admin\Desktop\Richline\MIS\dataextract\extractor\extractor.py changed, reloading.
Watching for file changes with StatReloader
C:\Users\Admin\Desktop\Richline\MIS\dataextract\extractor\extractor.py changed, reloading.
Watching for file changes with StatReloader
C:\Users\Admin\Desktop\Richline\MIS\dataextract\extractor\extractor.py changed, reloading.
Watching for file changes with StatReloader
C:\Users\Admin\Desktop\Richline\MIS\dataextract\extractor\extractor.py changed, reloading.
Watching for file changes with StatReloader
C:\Users\Admin\Desktop\Richline\MIS\dataextract\extractor\extractor.py changed, reloading.
Watching for file changes with StatReloader
C:\Users\Admin\Desktop\Richline\MIS\dataextract\extractor\extractor.py changed, reloading.
Watching for file changes with StatReloader
C:\Users\Admin\Desktop\Richline\MIS\dataextract\extractor\extractor.py changed, reloading.
Watching for file changes with StatReloader
C:\Users\Admin\Desktop\Richline\MIS\dataextract\extractor\extractor.py changed, reloading.
Watching for file changes with StatReloader
C:\Users\Admin\Desktop\Richline\MIS\dataextract\extractor\extractor.py changed, reloading.
Watching for file changes with StatReloader
C:\Users\Admin\Desktop\Richline\MIS\dataextract\extractor\extractor.py changed, reloading.
Watching for file changes with StatReloader
C:\Users\Admin\Desktop\Richline\MIS\dataextract\extractor\extractor.py changed, reloading.
Watching for file changes with StatReloader
C:\Users\Admin\Desktop\Richline\MIS\dataextract\extractor\extractor.py changed, reloading.
Watching for file changes with StatReloader
C:\Users\Admin\Desktop\Richline\MIS\dataextract\extractor\extractor.py changed, reloading.
Watching for file changes with StatReloader
C:\Users\Admin\Desktop\Richline\MIS\dataextract\extractor\extractor.py changed, reloading.
Watching for file changes with StatReloader
C:\Users\Admin\Desktop\Richline\MIS\dataextract\extractor\extractor.py changed, reloading.
Watching for file changes with StatReloader
C:\Users\Admin\Desktop\Richline\MIS\dataextract\extractor\extractor.py changed, reloading.
Watching for file changes with StatReloader
C:\Users\Admin\Desktop\Richline\MIS\dataextract\extractor\extractor.py changed, reloading.
Watching for file changes with StatReloader
C:\Users\Admin\Desktop\Richline\MIS\dataextract\extractor\extractor.py changed, reloading.
Watching for file changes with StatReloader
C:\Users\Admin\Desktop\Richline\MIS\dataextract\extractor\extractor.py changed, reloading.
Watching for file changes with StatReloader
C:\Users\Admin\Desktop\Richline\MIS\dataextract\extractor\extractor.py changed, reloading.
Watching for file changes with StatReloader
C:\Users\Admin\Desktop\Richline\MIS\dataextract\extractor\extractor.py changed, reloading.
Watching for file changes with StatReloader
C:\Users\Admin\Desktop\Richline\MIS\dataextract\extractor\extractor.py changed, reloading.
Watching for file changes with StatReloader
C:\Users\Admin\Desktop\Richline\MIS\dataextract\extractor\extractor.py changed, reloading.
Watching for file changes with StatReloader
C:\Users\Admin\Desktop\Richline\MIS\dataextract\extractor\extractor.py changed, reloading.
Watching for file changes with StatReloader
C:\Users\Admin\Desktop\Richline\MIS\dataextract\extractor\extractor.py changed, reloading.
Watching for file changes with StatReloader
C:\Users\Admin\Desktop\Richline\MIS\dataextract\extractor\extractor.py changed, reloading.
Watching for file changes with StatReloader
C:\Users\Admin\Desktop\Richline\MIS\dataextract\extractor\extractor.py changed, reloading.
Watching for file changes with StatReloader
C:\Users\Admin\Desktop\Richline\MIS\dataextract\extractor\extractor.py changed, reloading.
Watching for file changes with StatReloader
C:\Users\Admin\Desktop\Richline\MIS\dataextract\extractor\extractor.py changed, reloading.
Watching for file changes with StatReloader
C:\Users\Admin\Desktop\Richline\MIS\dataextract\extractor\extractor.py changed, reloading.
Watching for file changes with StatReloader
C:\Users\Admin\Desktop\Richline\MIS\dataextract\extractor\extractor.py changed, reloading.
Watching for file changes with StatReloader
C:\Users\Admin\Desktop\Richline\MIS\dataextract\extractor\extractor.py changed, reloading.
Watching for file changes with StatReloader
C:\Users\Admin\Desktop\Richline\MIS\dataextract\extractor\extractor.py changed, reloading.
Watching for file changes with StatReloader
C:\Users\Admin\Desktop\Richline\MIS\dataextract\extractor\extractor.py changed, reloading.
Watching for file changes with StatReloader
C:\Users\Admin\Desktop\Richline\MIS\dataextract\extractor\extractor.py changed, reloading.
Watching for file changes with StatReloader
C:\Users\Admin\Desktop\Richline\MIS\dataextract\extractor\extractor.py changed, reloading.
Watching for file changes with StatReloader
C:\Users\Admin\Desktop\Richline\MIS\dataextract\extractor\extractor.py changed, reloading.
Watching for file changes with StatReloader
C:\Users\Admin\Desktop\Richline\MIS\dataextract\extractor\extractor.py changed, reloading.
Watching for file changes with StatReloader
"POST / HTTP/1.1" 200 1780
C:\Users\Admin\Desktop\Richline\MIS\dataextract\extractor\extractor.py changed, reloading.
Watching for file changes with StatReloader
"GET / HTTP/1.1" 200 1485
"POST / HTTP/1.1" 200 1785
C:\Users\Admin\Desktop\Richline\MIS\dataextract\extractor\extractor.py changed, reloading.
Watching for file changes with StatReloader
C:\Users\Admin\Desktop\Richline\MIS\dataextract\extractor\extractor.py changed, reloading.
Watching for file changes with StatReloader
"GET / HTTP/1.1" 200 1485
"POST / HTTP/1.1" 200 14915
C:\Users\Admin\Desktop\Richline\MIS\dataextract\extractor\extractor.py changed, reloading.
Watching for file changes with StatReloader
C:\Users\Admin\Desktop\Richline\MIS\dataextract\extractor\extractor.py changed, reloading.
Watching for file changes with StatReloader
C:\Users\Admin\Desktop\Richline\MIS\dataextract\extractor\extractor.py changed, reloading.
Watching for file changes with StatReloader
C:\Users\Admin\Desktop\Richline\MIS\dataextract\extractor\extractor.py changed, reloading.
Watching for file changes with StatReloader
"GET / HTTP/1.1" 200 1485
"POST / HTTP/1.1" 200 14915
C:\Users\Admin\Desktop\Richline\MIS\dataextract\extractor\extractor.py changed, reloading.
Watching for file changes with StatReloader
C:\Users\Admin\Desktop\Richline\MIS\dataextract\extractor\extractor.py changed, reloading.
Watching for file changes with StatReloader
C:\Users\Admin\Desktop\Richline\MIS\dataextract\extractor\extractor.py changed, reloading.
Watching for file changes with StatReloader
"GET / HTTP/1.1" 200 1485
"POST / HTTP/1.1" 200 14915
Watching for file changes with StatReloader
"GET / HTTP/1.1" 200 1485
Not Found: /favicon.ico
"GET /favicon.ico HTTP/1.1" 404 2465
C:\Users\Admin\Desktop\Richline\MIS\dataextract\extractor\extractor.py changed, reloading.
Watching for file changes with StatReloader
C:\Users\Admin\Desktop\Richline\MIS\dataextract\extractor\extractor.py changed, reloading.
Watching for file changes with StatReloader
C:\Users\Admin\Desktop\Richline\MIS\dataextract\extractor\extractor.py changed, reloading.
Watching for file changes with StatReloader
"GET / HTTP/1.1" 200 1485
"POST / HTTP/1.1" 200 21340
C:\Users\Admin\Desktop\Richline\MIS\dataextract\extractor\extractor.py changed, reloading.
Watching for file changes with StatReloader
C:\Users\Admin\Desktop\Richline\MIS\dataextract\extractor\extractor.py changed, reloading.
Watching for file changes with StatReloader
"GET / HTTP/1.1" 200 1485
"POST / HTTP/1.1" 200 16187
C:\Users\Admin\Desktop\Richline\MIS\dataextract\extractor\extractor.py changed, reloading.
Watching for file changes with StatReloader
C:\Users\Admin\Desktop\Richline\MIS\dataextract\extractor\extractor.py changed, reloading.
Watching for file changes with StatReloader
C:\Users\Admin\Desktop\Richline\MIS\dataextract\extractor\extractor.py changed, reloading.
Watching for file changes with StatReloader
"GET / HTTP/1.1" 200 1485
"POST / HTTP/1.1" 200 17825
C:\Users\Admin\Desktop\Richline\MIS\dataextract\extractor\extractor.py changed, reloading.
Watching for file changes with StatReloader
C:\Users\Admin\Desktop\Richline\MIS\dataextract\extractor\extractor.py changed, reloading.
Watching for file changes with StatReloader
C:\Users\Admin\Desktop\Richline\MIS\dataextract\extractor\extractor.py changed, reloading.
Watching for file changes with StatReloader
C:\Users\Admin\Desktop\Richline\MIS\dataextract\extractor\extractor.py changed, reloading.
Watching for file changes with StatReloader
C:\Users\Admin\Desktop\Richline\MIS\dataextract\extractor\extractor.py changed, reloading.
Watching for file changes with StatReloader
C:\Users\Admin\Desktop\Richline\MIS\dataextract\extractor\extractor.py changed, reloading.
Watching for file changes with StatReloader
C:\Users\Admin\Desktop\Richline\MIS\dataextract\extractor\extractor.py changed, reloading.
Watching for file changes with StatReloader
C:\Users\Admin\Desktop\Richline\MIS\dataextract\extractor\extractor.py changed, reloading.
Watching for file changes with StatReloader
C:\Users\Admin\Desktop\Richline\MIS\dataextract\extractor\extractor.py changed, reloading.
Watching for file changes with StatReloader
C:\Users\Admin\Desktop\Richline\MIS\dataextract\extractor\extractor.py changed, reloading.
Watching for file changes with StatReloader
C:\Users\Admin\Desktop\Richline\MIS\dataextract\extractor\extractor.py changed, reloading.
Watching for file changes with StatReloader
C:\Users\Admin\Desktop\Richline\MIS\dataextract\extractor\extractor.py changed, reloading.
Watching for file changes with StatReloader
C:\Users\Admin\Desktop\Richline\MIS\dataextract\extractor\extractor.py changed, reloading.
Watching for file changes with StatReloader
C:\Users\Admin\Desktop\Richline\MIS\dataextract\extractor\extractor.py changed, reloading.
Watching for file changes with StatReloader
C:\Users\Admin\Desktop\Richline\MIS\dataextract\extractor\extractor.py changed, reloading.
Watching for file changes with StatReloader
C:\Users\Admin\Desktop\Richline\MIS\dataextract\extractor\extractor.py changed, reloading.
Watching for file changes with StatReloader
C:\Users\Admin\Desktop\Richline\MIS\dataextract\extractor\extractor.py changed, reloading.
Watching for file changes with StatReloader
C:\Users\Admin\Desktop\Richline\MIS\dataextract\extractor\extractor.py changed, reloading.
Watching for file changes with StatReloader
C:\Users\Admin\Desktop\Richline\MIS\dataextract\extractor\extractor.py changed, reloading.
Watching for file changes with StatReloader
C:\Users\Admin\Desktop\Richline\MIS\dataextract\extractor\extractor.py changed, reloading.
Watching for file changes with StatReloader
C:\Users\Admin\Desktop\Richline\MIS\dataextract\extractor\extractor.py changed, reloading.
Watching for file changes with StatReloader
C:\Users\Admin\Desktop\Richline\MIS\dataextract\extractor\extractor.py changed, reloading.
Watching for file changes with StatReloader
C:\Users\Admin\Desktop\Richline\MIS\dataextract\extractor\extractor.py changed, reloading.
Watching for file changes with StatReloader
C:\Users\Admin\Desktop\Richline\MIS\dataextract\extractor\extractor.py changed, reloading.
Watching for file changes with StatReloader
C:\Users\Admin\Desktop\Richline\MIS\dataextract\extractor\extractor.py changed, reloading.
Watching for file changes with StatReloader
C:\Users\Admin\Desktop\Richline\MIS\dataextract\extractor\extractor.py changed, reloading.
Watching for file changes with StatReloader
C:\Users\Admin\Desktop\Richline\MIS\dataextract\extractor\extractor.py changed, reloading.
Watching for file changes with StatReloader
C:\Users\Admin\Desktop\Richline\MIS\dataextract\extractor\extractor.py changed, reloading.
Watching for file changes with StatReloader
C:\Users\Admin\Desktop\Richline\MIS\dataextract\extractor\extractor.py changed, reloading.
Watching for file changes with StatReloader
C:\Users\Admin\Desktop\Richline\MIS\dataextract\extractor\extractor.py changed, reloading.
Watching for file changes with StatReloader
C:\Users\Admin\Desktop\Richline\MIS\dataextract\extractor\extractor.py changed, reloading.
Watching for file changes with StatReloader
C:\Users\Admin\Desktop\Richline\MIS\dataextract\extractor\extractor.py changed, reloading.
Watching for file changes with StatReloader
C:\Users\Admin\Desktop\Richline\MIS\dataextract\extractor\extractor.py changed, reloading.
Watching for file changes with StatReloader
C:\Users\Admin\Desktop\Richline\MIS\dataextract\extractor\extractor.py changed, reloading.
Watching for file changes with StatReloader
C:\Users\Admin\Desktop\Richline\MIS\dataextract\extractor\extractor.py changed, reloading.
Watching for file changes with StatReloader
C:\Users\Admin\Desktop\Richline\MIS\dataextract\extractor\extractor.py changed, reloading.
Watching for file changes with StatReloader
C:\Users\Admin\Desktop\Richline\MIS\dataextract\extractor\extractor.py changed, reloading.
Watching for file changes with StatReloader
C:\Users\Admin\Desktop\Richline\MIS\dataextract\extractor\extractor.py changed, reloading.
Watching for file changes with StatReloader
C:\Users\Admin\Desktop\Richline\MIS\dataextract\extractor\extractor.py changed, reloading.
Watching for file changes with StatReloader
C:\Users\Admin\Desktop\Richline\MIS\dataextract\extractor\extractor.py changed, reloading.
Watching for file changes with StatReloader
C:\Users\Admin\Desktop\Richline\MIS\dataextract\extractor\extractor.py changed, reloading.
Watching for file changes with StatReloader
C:\Users\Admin\Desktop\Richline\MIS\dataextract\extractor\extractor.py changed, reloading.
Watching for file changes with StatReloader
C:\Users\Admin\Desktop\Richline\MIS\dataextract\extractor\extractor.py changed, reloading.
Watching for file changes with StatReloader
"GET / HTTP/1.1" 200 1485
"POST / HTTP/1.1" 200 17825
C:\Users\Admin\Desktop\Richline\MIS\dataextract\extractor\extractor.py changed, reloading.
Watching for file changes with StatReloader
C:\Users\Admin\Desktop\Richline\MIS\dataextract\extractor\extractor.py changed, reloading.
Watching for file changes with StatReloader
C:\Users\Admin\Desktop\Richline\MIS\dataextract\extractor\extractor.py changed, reloading.
Watching for file changes with StatReloader
C:\Users\Admin\Desktop\Richline\MIS\dataextract\extractor\extractor.py changed, reloading.
Watching for file changes with StatReloader
C:\Users\Admin\Desktop\Richline\MIS\dataextract\extractor\extractor.py changed, reloading.
Watching for file changes with StatReloader
C:\Users\Admin\Desktop\Richline\MIS\dataextract\extractor\extractor.py changed, reloading.
Watching for file changes with StatReloader
C:\Users\Admin\Desktop\Richline\MIS\dataextract\extractor\extractor.py changed, reloading.
Watching for file changes with StatReloader
C:\Users\Admin\Desktop\Richline\MIS\dataextract\extractor\extractor.py changed, reloading.
Watching for file changes with StatReloader
"GET / HTTP/1.1" 200 1485
"POST / HTTP/1.1" 200 17825
Watching for file changes with StatReloader
"GET / HTTP/1.1" 200 1485
Not Found: /favicon.ico
"GET /favicon.ico HTTP/1.1" 404 2465
"POST / HTTP/1.1" 200 17825
C:\Users\Admin\Desktop\Richline\MIS\dataextract\extractor\extractor.py changed, reloading.
Watching for file changes with StatReloader
"GET / HTTP/1.1" 200 1485
"POST / HTTP/1.1" 200 1785
C:\Users\Admin\Desktop\Richline\MIS\dataextract\extractor\extractor.py changed, reloading.
Watching for file changes with StatReloader
C:\Users\Admin\Desktop\Richline\MIS\dataextract\extractor\extractor.py changed, reloading.
Watching for file changes with StatReloader
C:\Users\Admin\Desktop\Richline\MIS\dataextract\extractor\extractor.py changed, reloading.
Watching for file changes with StatReloader
C:\Users\Admin\Desktop\Richline\MIS\dataextract\extractor\extractor.py changed, reloading.
Watching for file changes with StatReloader
"POST / HTTP/1.1" 200 17845
C:\Users\Admin\Desktop\Richline\MIS\dataextract\extractor\extractor.py changed, reloading.
Watching for file changes with StatReloader
C:\Users\Admin\Desktop\Richline\MIS\dataextract\extractor\extractor.py changed, reloading.
Watching for file changes with StatReloader
C:\Users\Admin\Desktop\Richline\MIS\dataextract\extractor\extractor.py changed, reloading.
Watching for file changes with StatReloader
C:\Users\Admin\Desktop\Richline\MIS\dataextract\extractor\extractor.py changed, reloading.
Watching for file changes with StatReloader
C:\Users\Admin\Desktop\Richline\MIS\dataextract\extractor\extractor.py changed, reloading.
Watching for file changes with StatReloader
C:\Users\Admin\Desktop\Richline\MIS\dataextract\extractor\extractor.py changed, reloading.
Watching for file changes with StatReloader
C:\Users\Admin\Desktop\Richline\MIS\dataextract\extractor\extractor.py changed, reloading.
Watching for file changes with StatReloader
C:\Users\Admin\Desktop\Richline\MIS\dataextract\extractor\extractor.py changed, reloading.
Watching for file changes with StatReloader
C:\Users\Admin\Desktop\Richline\MIS\dataextract\extractor\extractor.py changed, reloading.
Watching for file changes with StatReloader
C:\Users\Admin\Desktop\Richline\MIS\dataextract\extractor\extractor.py changed, reloading.
Watching for file changes with StatReloader
C:\Users\Admin\Desktop\Richline\MIS\dataextract\extractor\extractor.py changed, reloading.
Watching for file changes with StatReloader
C:\Users\Admin\Desktop\Richline\MIS\dataextract\extractor\extractor.py changed, reloading.
Watching for file changes with StatReloader
C:\Users\Admin\Desktop\Richline\MIS\dataextract\extractor\extractor.py changed, reloading.
Watching for file changes with StatReloader
C:\Users\Admin\Desktop\Richline\MIS\dataextract\extractor\extractor.py changed, reloading.
Watching for file changes with StatReloader
C:\Users\Admin\Desktop\Richline\MIS\dataextract\extractor\extractor.py changed, reloading.
Watching for file changes with StatReloader
C:\Users\Admin\Desktop\Richline\MIS\dataextract\extractor\extractor.py changed, reloading.
Watching for file changes with StatReloader
C:\Users\Admin\Desktop\Richline\MIS\dataextract\extractor\extractor.py changed, reloading.
Watching for file changes with StatReloader
C:\Users\Admin\Desktop\Richline\MIS\dataextract\extractor\extractor.py changed, reloading.
Watching for file changes with StatReloader
C:\Users\Admin\Desktop\Richline\MIS\dataextract\extractor\extractor.py changed, reloading.
Watching for file changes with StatReloader
C:\Users\Admin\Desktop\Richline\MIS\dataextract\extractor\extractor.py changed, reloading.
Watching for file changes with StatReloader
C:\Users\Admin\Desktop\Richline\MIS\dataextract\extractor\extractor.py changed, reloading.
Watching for file changes with StatReloader
C:\Users\Admin\Desktop\Richline\MIS\dataextract\extractor\extractor.py changed, reloading.
Watching for file changes with StatReloader
C:\Users\Admin\Desktop\Richline\MIS\dataextract\extractor\extractor.py changed, reloading.
Watching for file changes with StatReloader
C:\Users\Admin\Desktop\Richline\MIS\dataextract\extractor\extractor.py changed, reloading.
Watching for file changes with StatReloader
C:\Users\Admin\Desktop\Richline\MIS\dataextract\extractor\extractor.py changed, reloading.
Watching for file changes with StatReloader
C:\Users\Admin\Desktop\Richline\MIS\dataextract\extractor\extractor.py changed, reloading.
Watching for file changes with StatReloader
C:\Users\Admin\Desktop\Richline\MIS\dataextract\extractor\extractor.py changed, reloading.
Watching for file changes with StatReloader
C:\Users\Admin\Desktop\Richline\MIS\dataextract\extractor\extractor.py changed, reloading.
Watching for file changes with StatReloader
C:\Users\Admin\Desktop\Richline\MIS\dataextract\extractor\extractor.py changed, reloading.
Watching for file changes with StatReloader
C:\Users\Admin\Desktop\Richline\MIS\dataextract\extractor\extractor.py changed, reloading.
Watching for file changes with StatReloader
C:\Users\Admin\Desktop\Richline\MIS\dataextract\extractor\extractor.py changed, reloading.
Watching for file changes with StatReloader
C:\Users\Admin\Desktop\Richline\MIS\dataextract\extractor\extractor.py changed, reloading.
Watching for file changes with StatReloader
"POST / HTTP/1.1" 200 19057
"POST / HTTP/1.1" 200 13084
"POST / HTTP/1.1" 200 19057
C:\Users\Admin\Desktop\Richline\MIS\dataextract\extractor\extractor.py changed, reloading.
Watching for file changes with StatReloader
C:\Users\Admin\Desktop\Richline\MIS\dataextract\extractor\extractor.py changed, reloading.
Watching for file changes with StatReloader
C:\Users\Admin\Desktop\Richline\MIS\dataextract\extractor\extractor.py changed, reloading.
Watching for file changes with StatReloader
C:\Users\Admin\Desktop\Richline\MIS\dataextract\extractor\extractor.py changed, reloading.
Watching for file changes with StatReloader
C:\Users\Admin\Desktop\Richline\MIS\dataextract\extractor\extractor.py changed, reloading.
Watching for file changes with StatReloader
C:\Users\Admin\Desktop\Richline\MIS\dataextract\extractor\extractor.py changed, reloading.
Watching for file changes with StatReloader
C:\Users\Admin\Desktop\Richline\MIS\dataextract\extractor\extractor.py changed, reloading.
Watching for file changes with StatReloader
C:\Users\Admin\Desktop\Richline\MIS\dataextract\extractor\extractor.py changed, reloading.
Watching for file changes with StatReloader
C:\Users\Admin\Desktop\Richline\MIS\dataextract\extractor\extractor.py changed, reloading.
Watching for file changes with StatReloader
C:\Users\Admin\Desktop\Richline\MIS\dataextract\extractor\extractor.py changed, reloading.
Watching for file changes with StatReloader
C:\Users\Admin\Desktop\Richline\MIS\dataextract\extractor\extractor.py changed, reloading.
Watching for file changes with StatReloader
C:\Users\Admin\Desktop\Richline\MIS\dataextract\extractor\extractor.py changed, reloading.
Watching for file changes with StatReloader
C:\Users\Admin\Desktop\Richline\MIS\dataextract\extractor\extractor.py changed, reloading.
Watching for file changes with StatReloader
C:\Users\Admin\Desktop\Richline\MIS\dataextract\extractor\extractor.py changed, reloading.
Watching for file changes with StatReloader
C:\Users\Admin\Desktop\Richline\MIS\dataextract\extractor\extractor.py changed, reloading.
Watching for file changes with StatReloader
C:\Users\Admin\Desktop\Richline\MIS\dataextract\extractor\extractor.py changed, reloading.
Watching for file changes with StatReloader
C:\Users\Admin\Desktop\Richline\MIS\dataextract\extractor\extractor.py changed, reloading.
Watching for file changes with StatReloader
C:\Users\Admin\Desktop\Richline\MIS\dataextract\extractor\extractor.py changed, reloading.
Watching for file changes with StatReloader
C:\Users\Admin\Desktop\Richline\MIS\dataextract\extractor\extractor.py changed, reloading.
Watching for file changes with StatReloader
C:\Users\Admin\Desktop\Richline\MIS\dataextract\extractor\extractor.py changed, reloading.
Watching for file changes with StatReloader
C:\Users\Admin\Desktop\Richline\MIS\dataextract\extractor\extractor.py changed, reloading.
Watching for file changes with StatReloader
C:\Users\Admin\Desktop\Richline\MIS\dataextract\extractor\extractor.py changed, reloading.
Watching for file changes with StatReloader
"POST / HTTP/1.1" 200 1780
C:\Users\Admin\Desktop\Richline\MIS\dataextract\extractor\extractor.py changed, reloading.
Watching for file changes with StatReloader
C:\Users\Admin\Desktop\Richline\MIS\dataextract\extractor\extractor.py changed, reloading.
Watching for file changes with StatReloader
C:\Users\Admin\Desktop\Richline\MIS\dataextract\extractor\extractor.py changed, reloading.
Watching for file changes with StatReloader
C:\Users\Admin\Desktop\Richline\MIS\dataextract\extractor\extractor.py changed, reloading.
Watching for file changes with StatReloader
C:\Users\Admin\Desktop\Richline\MIS\dataextract\extractor\extractor.py changed, reloading.
Watching for file changes with StatReloader
C:\Users\Admin\Desktop\Richline\MIS\dataextract\extractor\extractor.py changed, reloading.
Watching for file changes with StatReloader
"POST / HTTP/1.1" 200 1780
C:\Users\Admin\Desktop\Richline\MIS\dataextract\extractor\extractor.py changed, reloading.
Watching for file changes with StatReloader
C:\Users\Admin\Desktop\Richline\MIS\dataextract\extractor\extractor.py changed, reloading.
Watching for file changes with StatReloader
C:\Users\Admin\Desktop\Richline\MIS\dataextract\extractor\extractor.py changed, reloading.
Watching for file changes with StatReloader
C:\Users\Admin\Desktop\Richline\MIS\dataextract\extractor\extractor.py changed, reloading.
Watching for file changes with StatReloader
C:\Users\Admin\Desktop\Richline\MIS\dataextract\extractor\extractor.py changed, reloading.
Watching for file changes with StatReloader
C:\Users\Admin\Desktop\Richline\MIS\dataextract\extractor\extractor.py changed, reloading.
Watching for file changes with StatReloader
C:\Users\Admin\Desktop\Richline\MIS\dataextract\extractor\extractor.py changed, reloading.
Watching for file changes with StatReloader
C:\Users\Admin\Desktop\Richline\MIS\dataextract\extractor\extractor.py changed, reloading.
Watching for file changes with StatReloader
"POST / HTTP/1.1" 200 19059
C:\Users\Admin\Desktop\Richline\MIS\dataextract\extractor\extractor.py changed, reloading.
Watching for file changes with StatReloader
C:\Users\Admin\Desktop\Richline\MIS\dataextract\extractor\extractor.py changed, reloading.
Watching for file changes with StatReloader
C:\Users\Admin\Desktop\Richline\MIS\dataextract\extractor\extractor.py changed, reloading.
Watching for file changes with StatReloader
"GET / HTTP/1.1" 200 1485
"POST / HTTP/1.1" 200 19053
C:\Users\Admin\Desktop\Richline\MIS\dataextract\extractor\extractor.py changed, reloading.
Watching for file changes with StatReloader
C:\Users\Admin\Desktop\Richline\MIS\dataextract\extractor\extractor.py changed, reloading.
Watching for file changes with StatReloader
C:\Users\Admin\Desktop\Richline\MIS\dataextract\extractor\extractor.py changed, reloading.
Watching for file changes with StatReloader
"POST / HTTP/1.1" 200 19057
C:\Users\Admin\Desktop\Richline\MIS\dataextract\extractor\extractor.py changed, reloading.
Watching for file changes with StatReloader
C:\Users\Admin\Desktop\Richline\MIS\dataextract\extractor\extractor.py changed, reloading.
Watching for file changes with StatReloader
C:\Users\Admin\Desktop\Richline\MIS\dataextract\extractor\extractor.py changed, reloading.
Watching for file changes with StatReloader
C:\Users\Admin\Desktop\Richline\MIS\dataextract\extractor\extractor.py changed, reloading.
Watching for file changes with StatReloader
C:\Users\Admin\Desktop\Richline\MIS\dataextract\extractor\extractor.py changed, reloading.
Watching for file changes with StatReloader
C:\Users\Admin\Desktop\Richline\MIS\dataextract\extractor\extractor.py changed, reloading.
Watching for file changes with StatReloader
C:\Users\Admin\Desktop\Richline\MIS\dataextract\extractor\extractor.py changed, reloading.
Watching for file changes with StatReloader
C:\Users\Admin\Desktop\Richline\MIS\dataextract\extractor\extractor.py changed, reloading.
Watching for file changes with StatReloader
"POST / HTTP/1.1" 200 19057
C:\Users\Admin\Desktop\Richline\MIS\dataextract\extractor\extractor.py changed, reloading.
Watching for file changes with StatReloader
C:\Users\Admin\Desktop\Richline\MIS\dataextract\extractor\extractor.py changed, reloading.
Watching for file changes with StatReloader
C:\Users\Admin\Desktop\Richline\MIS\dataextract\extractor\extractor.py changed, reloading.
Watching for file changes with StatReloader
C:\Users\Admin\Desktop\Richline\MIS\dataextract\extractor\extractor.py changed, reloading.
Watching for file changes with StatReloader
C:\Users\Admin\Desktop\Richline\MIS\dataextract\extractor\extractor.py changed, reloading.
Watching for file changes with StatReloader
C:\Users\Admin\Desktop\Richline\MIS\dataextract\extractor\extractor.py changed, reloading.
Watching for file changes with StatReloader
C:\Users\Admin\Desktop\Richline\MIS\dataextract\extractor\extractor.py changed, reloading.
Watching for file changes with StatReloader
C:\Users\Admin\Desktop\Richline\MIS\dataextract\extractor\extractor.py changed, reloading.
Watching for file changes with StatReloader
C:\Users\Admin\Desktop\Richline\MIS\dataextract\extractor\extractor.py changed, reloading.
Watching for file changes with StatReloader
C:\Users\Admin\Desktop\Richline\MIS\dataextract\extractor\extractor.py changed, reloading.
Watching for file changes with StatReloader
C:\Users\Admin\Desktop\Richline\MIS\dataextract\extractor\extractor.py changed, reloading.
Watching for file changes with StatReloader
C:\Users\Admin\Desktop\Richline\MIS\dataextract\extractor\extractor.py changed, reloading.
Watching for file changes with StatReloader
C:\Users\Admin\Desktop\Richline\MIS\dataextract\extractor\extractor.py changed, reloading.
Watching for file changes with StatReloader
C:\Users\Admin\Desktop\Richline\MIS\dataextract\extractor\extractor.py changed, reloading.
Watching for file changes with StatReloader
C:\Users\Admin\Desktop\Richline\MIS\dataextract\extractor\extractor.py changed, reloading.
Watching for file changes with StatReloader
C:\Users\Admin\Desktop\Richline\MIS\dataextract\extractor\extractor.py changed, reloading.
Watching for file changes with StatReloader
C:\Users\Admin\Desktop\Richline\MIS\dataextract\extractor\extractor.py changed, reloading.
Watching for file changes with StatReloader
C:\Users\Admin\Desktop\Richline\MIS\dataextract\extractor\extractor.py changed, reloading.
Watching for file changes with StatReloader
C:\Users\Admin\Desktop\Richline\MIS\dataextract\extractor\extractor.py changed, reloading.
Watching for file changes with StatReloader
C:\Users\Admin\Desktop\Richline\MIS\dataextract\extractor\extractor.py changed, reloading.
Watching for file changes with StatReloader
C:\Users\Admin\Desktop\Richline\MIS\dataextract\extractor\extractor.py changed, reloading.
Watching for file changes with StatReloader
"POST / HTTP/1.1" 200 19057
C:\Users\Admin\Desktop\Richline\MIS\dataextract\extractor\extractor.py changed, reloading.
Watching for file changes with StatReloader
C:\Users\Admin\Desktop\Richline\MIS\dataextract\extractor\extractor.py changed, reloading.
Watching for file changes with StatReloader
C:\Users\Admin\Desktop\Richline\MIS\dataextract\extractor\extractor.py changed, reloading.
Watching for file changes with StatReloader
C:\Users\Admin\Desktop\Richline\MIS\dataextract\extractor\extractor.py changed, reloading.
Watching for file changes with StatReloader
C:\Users\Admin\Desktop\Richline\MIS\dataextract\extractor\extractor.py changed, reloading.
Watching for file changes with StatReloader
C:\Users\Admin\Desktop\Richline\MIS\dataextract\extractor\extractor.py changed, reloading.
Watching for file changes with StatReloader
C:\Users\Admin\Desktop\Richline\MIS\dataextract\extractor\extractor.py changed, reloading.
Watching for file changes with StatReloader
C:\Users\Admin\Desktop\Richline\MIS\dataextract\extractor\extractor.py changed, reloading.
Watching for file changes with StatReloader
C:\Users\Admin\Desktop\Richline\MIS\dataextract\extractor\extractor.py changed, reloading.
Watching for file changes with StatReloader
"POST / HTTP/1.1" 200 19057
C:\Users\Admin\Desktop\Richline\MIS\dataextract\extractor\extractor.py changed, reloading.
Watching for file changes with StatReloader
C:\Users\Admin\Desktop\Richline\MIS\dataextract\extractor\extractor.py changed, reloading.
Watching for file changes with StatReloader
C:\Users\Admin\Desktop\Richline\MIS\dataextract\extractor\extractor.py changed, reloading.
Watching for file changes with StatReloader
C:\Users\Admin\Desktop\Richline\MIS\dataextract\extractor\extractor.py changed, reloading.
Watching for file changes with StatReloader
C:\Users\Admin\Desktop\Richline\MIS\dataextract\extractor\extractor.py changed, reloading.
Watching for file changes with StatReloader
C:\Users\Admin\Desktop\Richline\MIS\dataextract\extractor\extractor.py changed, reloading.
Watching for file changes with StatReloader
C:\Users\Admin\Desktop\Richline\MIS\dataextract\extractor\extractor.py changed, reloading.
Watching for file changes with StatReloader
C:\Users\Admin\Desktop\Richline\MIS\dataextract\extractor\extractor.py changed, reloading.
Watching for file changes with StatReloader
"POST / HTTP/1.1" 200 19053
C:\Users\Admin\Desktop\Richline\MIS\dataextract\extractor\extractor.py changed, reloading.
Watching for file changes with StatReloader
"POST / HTTP/1.1" 200 19053
C:\Users\Admin\Desktop\Richline\MIS\dataextract\extractor\extractor.py changed, reloading.
Watching for file changes with StatReloader
C:\Users\Admin\Desktop\Richline\MIS\dataextract\extractor\extractor.py changed, reloading.
Watching for file changes with StatReloader
C:\Users\Admin\Desktop\Richline\MIS\dataextract\extractor\extractor.py changed, reloading.
Watching for file changes with StatReloader
C:\Users\Admin\Desktop\Richline\MIS\dataextract\extractor\extractor.py changed, reloading.
Watching for file changes with StatReloader
C:\Users\Admin\Desktop\Richline\MIS\dataextract\extractor\extractor.py changed, reloading.
Watching for file changes with StatReloader
"POST / HTTP/1.1" 200 19053
C:\Users\Admin\Desktop\Richline\MIS\dataextract\extractor\extractor.py changed, reloading.
Watching for file changes with StatReloader
C:\Users\Admin\Desktop\Richline\MIS\dataextract\extractor\extractor.py changed, reloading.
Watching for file changes with StatReloader
C:\Users\Admin\Desktop\Richline\MIS\dataextract\extractor\extractor.py changed, reloading.
Watching for file changes with StatReloader
C:\Users\Admin\Desktop\Richline\MIS\dataextract\extractor\extractor.py changed, reloading.
Watching for file changes with StatReloader
C:\Users\Admin\Desktop\Richline\MIS\dataextract\extractor\extractor.py changed, reloading.
Watching for file changes with StatReloader
C:\Users\Admin\Desktop\Richline\MIS\dataextract\extractor\extractor.py changed, reloading.
Watching for file changes with StatReloader
C:\Users\Admin\Desktop\Richline\MIS\dataextract\extractor\extractor.py changed, reloading.
Watching for file changes with StatReloader
C:\Users\Admin\Desktop\Richline\MIS\dataextract\extractor\extractor.py changed, reloading.
Watching for file changes with StatReloader
C:\Users\Admin\Desktop\Richline\MIS\dataextract\extractor\extractor.py changed, reloading.
Watching for file changes with StatReloader
C:\Users\Admin\Desktop\Richline\MIS\dataextract\extractor\extractor.py changed, reloading.
Watching for file changes with StatReloader
C:\Users\Admin\Desktop\Richline\MIS\dataextract\extractor\extractor.py changed, reloading.
Watching for file changes with StatReloader
C:\Users\Admin\Desktop\Richline\MIS\dataextract\extractor\extractor.py changed, reloading.
Watching for file changes with StatReloader
C:\Users\Admin\Desktop\Richline\MIS\dataextract\extractor\extractor.py changed, reloading.
Watching for file changes with StatReloader
C:\Users\Admin\Desktop\Richline\MIS\dataextract\extractor\extractor.py changed, reloading.
Watching for file changes with StatReloader
C:\Users\Admin\Desktop\Richline\MIS\dataextract\extractor\extractor.py changed, reloading.
Watching for file changes with StatReloader
"POST / HTTP/1.1" 200 19059
"POST / HTTP/1.1" 200 27094
"POST / HTTP/1.1" 200 19059
"POST / HTTP/1.1" 200 13694
"POST / HTTP/1.1" 200 29116
C:\Users\Admin\Desktop\Richline\MIS\dataextract\extractor\extractor.py changed, reloading.
Watching for file changes with StatReloader
"GET / HTTP/1.1" 200 1485
"POST / HTTP/1.1" 200 8338
C:\Users\Admin\Desktop\Richline\MIS\dataextract\extractor\extractor.py changed, reloading.
Watching for file changes with StatReloader
"POST / HTTP/1.1" 200 41942
C:\Users\Admin\Desktop\Richline\MIS\dataextract\extractor\extractor.py changed, reloading.
Watching for file changes with StatReloader
C:\Users\Admin\Desktop\Richline\MIS\dataextract\extractor\extractor.py changed, reloading.
Watching for file changes with StatReloader
"POST / HTTP/1.1" 200 29110
C:\Users\Admin\Desktop\Richline\MIS\dataextract\extractor\extractor.py changed, reloading.
Watching for file changes with StatReloader
"POST / HTTP/1.1" 200 1780
"POST / HTTP/1.1" 200 1780
C:\Users\Admin\Desktop\Richline\MIS\dataextract\extractor\extractor.py changed, reloading.
Watching for file changes with StatReloader
"POST / HTTP/1.1" 200 1780
C:\Users\Admin\Desktop\Richline\MIS\dataextract\extractor\extractor.py changed, reloading.
Watching for file changes with StatReloader
"POST / HTTP/1.1" 200 28506
C:\Users\Admin\Desktop\Richline\MIS\dataextract\extractor\extractor.py changed, reloading.
Watching for file changes with StatReloader
C:\Users\Admin\Desktop\Richline\MIS\dataextract\extractor\extractor.py changed, reloading.
Watching for file changes with StatReloader
C:\Users\Admin\Desktop\Richline\MIS\dataextract\extractor\extractor.py changed, reloading.
Watching for file changes with StatReloader
C:\Users\Admin\Desktop\Richline\MIS\dataextract\extractor\extractor.py changed, reloading.
Watching for file changes with StatReloader
C:\Users\Admin\Desktop\Richline\MIS\dataextract\extractor\extractor.py changed, reloading.
Watching for file changes with StatReloader
C:\Users\Admin\Desktop\Richline\MIS\dataextract\extractor\extractor.py changed, reloading.
Watching for file changes with StatReloader
C:\Users\Admin\Desktop\Richline\MIS\dataextract\extractor\extractor.py changed, reloading.
Watching for file changes with StatReloader
C:\Users\Admin\Desktop\Richline\MIS\dataextract\extractor\extractor.py changed, reloading.
Watching for file changes with StatReloader
C:\Users\Admin\Desktop\Richline\MIS\dataextract\extractor\extractor.py changed, reloading.
Watching for file changes with StatReloader
C:\Users\Admin\Desktop\Richline\MIS\dataextract\extractor\extractor.py changed, reloading.
Watching for file changes with StatReloader
C:\Users\Admin\Desktop\Richline\MIS\dataextract\extractor\extractor.py changed, reloading.
Watching for file changes with StatReloader
"POST / HTTP/1.1" 200 55759
C:\Users\Admin\Desktop\Richline\MIS\dataextract\extractor\extractor.py changed, reloading.
Watching for file changes with StatReloader
C:\Users\Admin\Desktop\Richline\MIS\dataextract\extractor\extractor.py changed, reloading.
Watching for file changes with StatReloader
C:\Users\Admin\Desktop\Richline\MIS\dataextract\extractor\extractor.py changed, reloading.
Watching for file changes with StatReloader
C:\Users\Admin\Desktop\Richline\MIS\dataextract\extractor\extractor.py changed, reloading.
Watching for file changes with StatReloader
C:\Users\Admin\Desktop\Richline\MIS\dataextract\extractor\extractor.py changed, reloading.
Watching for file changes with StatReloader
C:\Users\Admin\Desktop\Richline\MIS\dataextract\extractor\extractor.py changed, reloading.
Watching for file changes with StatReloader
C:\Users\Admin\Desktop\Richline\MIS\dataextract\extractor\extractor.py changed, reloading.
Watching for file changes with StatReloader
C:\Users\Admin\Desktop\Richline\MIS\dataextract\extractor\extractor.py changed, reloading.
Watching for file changes with StatReloader
"POST / HTTP/1.1" 200 8283
"POST / HTTP/1.1" 200 8283
"POST / HTTP/1.1" 200 8283
"POST / HTTP/1.1" 200 65811
"POST / HTTP/1.1" 200 8188
C:\Users\Admin\Desktop\Richline\MIS\dataextract\extractor\extractor.py changed, reloading.
Watching for file changes with StatReloader
C:\Users\Admin\Desktop\Richline\MIS\dataextract\extractor\extractor.py changed, reloading.
Watching for file changes with StatReloader
C:\Users\Admin\Desktop\Richline\MIS\dataextract\extractor\extractor.py changed, reloading.
Watching for file changes with StatReloader
C:\Users\Admin\Desktop\Richline\MIS\dataextract\extractor\extractor.py changed, reloading.
Watching for file changes with StatReloader
C:\Users\Admin\Desktop\Richline\MIS\dataextract\extractor\extractor.py changed, reloading.
Watching for file changes with StatReloader
"GET / HTTP/1.1" 200 1485
"POST / HTTP/1.1" 200 50363
"POST / HTTP/1.1" 200 20465
C:\Users\Admin\Desktop\Richline\MIS\dataextract\extractor\extractor.py changed, reloading.
Watching for file changes with StatReloader
C:\Users\Admin\Desktop\Richline\MIS\dataextract\extractor\extractor.py changed, reloading.
Watching for file changes with StatReloader
C:\Users\Admin\Desktop\Richline\MIS\dataextract\extractor\extractor.py changed, reloading.
Watching for file changes with StatReloader
C:\Users\Admin\Desktop\Richline\MIS\dataextract\extractor\extractor.py changed, reloading.
Watching for file changes with StatReloader
C:\Users\Admin\Desktop\Richline\MIS\dataextract\extractor\extractor.py changed, reloading.
Watching for file changes with StatReloader
C:\Users\Admin\Desktop\Richline\MIS\dataextract\extractor\extractor.py changed, reloading.
Watching for file changes with StatReloader
C:\Users\Admin\Desktop\Richline\MIS\dataextract\extractor\extractor.py changed, reloading.
Watching for file changes with StatReloader
C:\Users\Admin\Desktop\Richline\MIS\dataextract\extractor\extractor.py changed, reloading.
Watching for file changes with StatReloader
C:\Users\Admin\Desktop\Richline\MIS\dataextract\extractor\extractor.py changed, reloading.
Watching for file changes with StatReloader
C:\Users\Admin\Desktop\Richline\MIS\dataextract\extractor\extractor.py changed, reloading.
Watching for file changes with StatReloader
C:\Users\Admin\Desktop\Richline\MIS\dataextract\extractor\extractor.py changed, reloading.
Watching for file changes with StatReloader
C:\Users\Admin\Desktop\Richline\MIS\dataextract\extractor\extractor.py changed, reloading.
Watching for file changes with StatReloader
C:\Users\Admin\Desktop\Richline\MIS\dataextract\extractor\extractor.py changed, reloading.
Watching for file changes with StatReloader
C:\Users\Admin\Desktop\Richline\MIS\dataextract\extractor\extractor.py changed, reloading.
Watching for file changes with StatReloader
C:\Users\Admin\Desktop\Richline\MIS\dataextract\extractor\extractor.py changed, reloading.
Watching for file changes with StatReloader
"GET / HTTP/1.1" 200 1485
"POST / HTTP/1.1" 200 25013
"POST / HTTP/1.1" 200 58118
"POST / HTTP/1.1" 200 25013
"POST / HTTP/1.1" 200 25013
"POST / HTTP/1.1" 200 58118
"POST / HTTP/1.1" 200 25029
"POST / HTTP/1.1" 200 23861
"POST / HTTP/1.1" 200 25013
C:\Users\Admin\Desktop\Richline\MIS\dataextract\extractor\extractor.py changed, reloading.
Watching for file changes with StatReloader
C:\Users\Admin\Desktop\Richline\MIS\dataextract\extractor\extractor.py changed, reloading.
Watching for file changes with StatReloader
"POST / HTTP/1.1" 200 24253
"POST / HTTP/1.1" 200 24253
C:\Users\Admin\Desktop\Richline\MIS\dataextract\extractor\extractor.py changed, reloading.
Watching for file changes with StatReloader
C:\Users\Admin\Desktop\Richline\MIS\dataextract\extractor\extractor.py changed, reloading.
Watching for file changes with StatReloader
C:\Users\Admin\Desktop\Richline\MIS\dataextract\extractor\extractor.py changed, reloading.
Watching for file changes with StatReloader
C:\Users\Admin\Desktop\Richline\MIS\dataextract\extractor\extractor.py changed, reloading.
Watching for file changes with StatReloader
C:\Users\Admin\Desktop\Richline\MIS\dataextract\extractor\extractor.py changed, reloading.
Watching for file changes with StatReloader
C:\Users\Admin\Desktop\Richline\MIS\dataextract\extractor\extractor.py changed, reloading.
Watching for file changes with StatReloader
C:\Users\Admin\Desktop\Richline\MIS\dataextract\extractor\extractor.py changed, reloading.
Watching for file changes with StatReloader
C:\Users\Admin\Desktop\Richline\MIS\dataextract\extractor\extractor.py changed, reloading.
Watching for file changes with StatReloader
C:\Users\Admin\Desktop\Richline\MIS\dataextract\extractor\extractor.py changed, reloading.
Watching for file changes with StatReloader
C:\Users\Admin\Desktop\Richline\MIS\dataextract\extractor\extractor.py changed, reloading.
Watching for file changes with StatReloader
C:\Users\Admin\Desktop\Richline\MIS\dataextract\extractor\extractor.py changed, reloading.
Watching for file changes with StatReloader
C:\Users\Admin\Desktop\Richline\MIS\dataextract\extractor\extractor.py changed, reloading.
Watching for file changes with StatReloader
C:\Users\Admin\Desktop\Richline\MIS\dataextract\extractor\extractor.py changed, reloading.
Watching for file changes with StatReloader
C:\Users\Admin\Desktop\Richline\MIS\dataextract\extractor\extractor.py changed, reloading.
Watching for file changes with StatReloader
C:\Users\Admin\Desktop\Richline\MIS\dataextract\extractor\extractor.py changed, reloading.
Watching for file changes with StatReloader
C:\Users\Admin\Desktop\Richline\MIS\dataextract\extractor\extractor.py changed, reloading.
Watching for file changes with StatReloader
C:\Users\Admin\Desktop\Richline\MIS\dataextract\extractor\extractor.py changed, reloading.
Watching for file changes with StatReloader
C:\Users\Admin\Desktop\Richline\MIS\dataextract\extractor\extractor.py changed, reloading.
Watching for file changes with StatReloader
C:\Users\Admin\Desktop\Richline\MIS\dataextract\extractor\extractor.py changed, reloading.
Watching for file changes with StatReloader
C:\Users\Admin\Desktop\Richline\MIS\dataextract\extractor\extractor.py changed, reloading.
Watching for file changes with StatReloader
C:\Users\Admin\Desktop\Richline\MIS\dataextract\extractor\extractor.py changed, reloading.
Watching for file changes with StatReloader
C:\Users\Admin\Desktop\Richline\MIS\dataextract\extractor\extractor.py changed, reloading.
Watching for file changes with StatReloader
C:\Users\Admin\Desktop\Richline\MIS\dataextract\extractor\extractor.py changed, reloading.
Watching for file changes with StatReloader
C:\Users\Admin\Desktop\Richline\MIS\dataextract\extractor\extractor.py changed, reloading.
Watching for file changes with StatReloader
C:\Users\Admin\Desktop\Richline\MIS\dataextract\extractor\extractor.py changed, reloading.
Watching for file changes with StatReloader
C:\Users\Admin\Desktop\Richline\MIS\dataextract\extractor\extractor.py changed, reloading.
Watching for file changes with StatReloader
C:\Users\Admin\Desktop\Richline\MIS\dataextract\extractor\extractor.py changed, reloading.
Watching for file changes with StatReloader
C:\Users\Admin\Desktop\Richline\MIS\dataextract\extractor\extractor.py changed, reloading.
Watching for file changes with StatReloader
C:\Users\Admin\Desktop\Richline\MIS\dataextract\extractor\extractor.py changed, reloading.
Watching for file changes with StatReloader
C:\Users\Admin\Desktop\Richline\MIS\dataextract\extractor\extractor.py changed, reloading.
Watching for file changes with StatReloader
C:\Users\Admin\Desktop\Richline\MIS\dataextract\extractor\extractor.py changed, reloading.
Watching for file changes with StatReloader
C:\Users\Admin\Desktop\Richline\MIS\dataextract\extractor\extractor.py changed, reloading.
Watching for file changes with StatReloader
C:\Users\Admin\Desktop\Richline\MIS\dataextract\extractor\extractor.py changed, reloading.
Watching for file changes with StatReloader
C:\Users\Admin\Desktop\Richline\MIS\dataextract\extractor\extractor.py changed, reloading.
Watching for file changes with StatReloader
C:\Users\Admin\Desktop\Richline\MIS\dataextract\extractor\extractor.py changed, reloading.
Watching for file changes with StatReloader
C:\Users\Admin\Desktop\Richline\MIS\dataextract\extractor\extractor.py changed, reloading.
Watching for file changes with StatReloader
C:\Users\Admin\Desktop\Richline\MIS\dataextract\extractor\extractor.py changed, reloading.
Watching for file changes with StatReloader
C:\Users\Admin\Desktop\Richline\MIS\dataextract\extractor\extractor.py changed, reloading.
Watching for file changes with StatReloader
C:\Users\Admin\Desktop\Richline\MIS\dataextract\extractor\extractor.py changed, reloading.
Watching for file changes with StatReloader
C:\Users\Admin\Desktop\Richline\MIS\dataextract\extractor\extractor.py changed, reloading.
Watching for file changes with StatReloader
C:\Users\Admin\Desktop\Richline\MIS\dataextract\extractor\extractor.py changed, reloading.
Watching for file changes with StatReloader
C:\Users\Admin\Desktop\Richline\MIS\dataextract\extractor\extractor.py changed, reloading.
Watching for file changes with StatReloader
C:\Users\Admin\Desktop\Richline\MIS\dataextract\extractor\extractor.py changed, reloading.
Watching for file changes with StatReloader
C:\Users\Admin\Desktop\Richline\MIS\dataextract\extractor\extractor.py changed, reloading.
Watching for file changes with StatReloader
C:\Users\Admin\Desktop\Richline\MIS\dataextract\extractor\extractor.py changed, reloading.
Watching for file changes with StatReloader
C:\Users\Admin\Desktop\Richline\MIS\dataextract\extractor\extractor.py changed, reloading.
Watching for file changes with StatReloader
C:\Users\Admin\Desktop\Richline\MIS\dataextract\extractor\extractor.py changed, reloading.
Watching for file changes with StatReloader
C:\Users\Admin\Desktop\Richline\MIS\dataextract\extractor\extractor.py changed, reloading.
Watching for file changes with StatReloader
C:\Users\Admin\Desktop\Richline\MIS\dataextract\extractor\extractor.py changed, reloading.
Watching for file changes with StatReloader
C:\Users\Admin\Desktop\Richline\MIS\dataextract\extractor\extractor.py changed, reloading.
Watching for file changes with StatReloader
C:\Users\Admin\Desktop\Richline\MIS\dataextract\extractor\extractor.py changed, reloading.
Watching for file changes with StatReloader
C:\Users\Admin\Desktop\Richline\MIS\dataextract\extractor\extractor.py changed, reloading.
Watching for file changes with StatReloader
C:\Users\Admin\Desktop\Richline\MIS\dataextract\extractor\extractor.py changed, reloading.
Watching for file changes with StatReloader
C:\Users\Admin\Desktop\Richline\MIS\dataextract\extractor\extractor.py changed, reloading.
Watching for file changes with StatReloader
C:\Users\Admin\Desktop\Richline\MIS\dataextract\extractor\extractor.py changed, reloading.
Watching for file changes with StatReloader
C:\Users\Admin\Desktop\Richline\MIS\dataextract\extractor\extractor.py changed, reloading.
Watching for file changes with StatReloader
C:\Users\Admin\Desktop\Richline\MIS\dataextract\extractor\extractor.py changed, reloading.
Watching for file changes with StatReloader
C:\Users\Admin\Desktop\Richline\MIS\dataextract\extractor\extractor.py changed, reloading.
Watching for file changes with StatReloader
C:\Users\Admin\Desktop\Richline\MIS\dataextract\extractor\extractor.py changed, reloading.
Watching for file changes with StatReloader
C:\Users\Admin\Desktop\Richline\MIS\dataextract\extractor\extractor.py changed, reloading.
Watching for file changes with StatReloader
C:\Users\Admin\Desktop\Richline\MIS\dataextract\extractor\extractor.py changed, reloading.
Watching for file changes with StatReloader
C:\Users\Admin\Desktop\Richline\MIS\dataextract\extractor\extractor.py changed, reloading.
Watching for file changes with StatReloader
C:\Users\Admin\Desktop\Richline\MIS\dataextract\extractor\extractor.py changed, reloading.
Watching for file changes with StatReloader
C:\Users\Admin\Desktop\Richline\MIS\dataextract\extractor\extractor.py changed, reloading.
Watching for file changes with StatReloader
C:\Users\Admin\Desktop\Richline\MIS\dataextract\extractor\extractor.py changed, reloading.
Watching for file changes with StatReloader
C:\Users\Admin\Desktop\Richline\MIS\dataextract\extractor\extractor.py changed, reloading.
Watching for file changes with StatReloader
"GET / HTTP/1.1" 200 1485
"POST / HTTP/1.1" 200 22857
C:\Users\Admin\Desktop\Richline\MIS\dataextract\extractor\extractor.py changed, reloading.
Watching for file changes with StatReloader
C:\Users\Admin\Desktop\Richline\MIS\dataextract\extractor\extractor.py changed, reloading.
Watching for file changes with StatReloader
C:\Users\Admin\Desktop\Richline\MIS\dataextract\extractor\extractor.py changed, reloading.
Watching for file changes with StatReloader
C:\Users\Admin\Desktop\Richline\MIS\dataextract\extractor\extractor.py changed, reloading.
Watching for file changes with StatReloader
C:\Users\Admin\Desktop\Richline\MIS\dataextract\extractor\extractor.py changed, reloading.
Watching for file changes with StatReloader
"POST / HTTP/1.1" 200 42819
C:\Users\Admin\Desktop\Richline\MIS\dataextract\extractor\extractor.py changed, reloading.
Watching for file changes with StatReloader
C:\Users\Admin\Desktop\Richline\MIS\dataextract\extractor\extractor.py changed, reloading.
Watching for file changes with StatReloader
"POST / HTTP/1.1" 200 42819
C:\Users\Admin\Desktop\Richline\MIS\dataextract\extractor\extractor.py changed, reloading.
Watching for file changes with StatReloader
C:\Users\Admin\Desktop\Richline\MIS\dataextract\extractor\extractor.py changed, reloading.
Watching for file changes with StatReloader
C:\Users\Admin\Desktop\Richline\MIS\dataextract\extractor\extractor.py changed, reloading.
Watching for file changes with StatReloader
"POST / HTTP/1.1" 200 41591
C:\Users\Admin\Desktop\Richline\MIS\dataextract\extractor\extractor.py changed, reloading.
Watching for file changes with StatReloader
C:\Users\Admin\Desktop\Richline\MIS\dataextract\extractor\extractor.py changed, reloading.
Watching for file changes with StatReloader
C:\Users\Admin\Desktop\Richline\MIS\dataextract\extractor\extractor.py changed, reloading.
Watching for file changes with StatReloader
C:\Users\Admin\Desktop\Richline\MIS\dataextract\extractor\extractor.py changed, reloading.
Watching for file changes with StatReloader
C:\Users\Admin\Desktop\Richline\MIS\dataextract\extractor\extractor.py changed, reloading.
Watching for file changes with StatReloader
C:\Users\Admin\Desktop\Richline\MIS\dataextract\extractor\extractor.py changed, reloading.
Watching for file changes with StatReloader
"POST / HTTP/1.1" 200 34737
C:\Users\Admin\Desktop\Richline\MIS\dataextract\extractor\extractor.py changed, reloading.
Watching for file changes with StatReloader
C:\Users\Admin\Desktop\Richline\MIS\dataextract\extractor\extractor.py changed, reloading.
Watching for file changes with StatReloader
C:\Users\Admin\Desktop\Richline\MIS\dataextract\extractor\extractor.py changed, reloading.
Watching for file changes with StatReloader
C:\Users\Admin\Desktop\Richline\MIS\dataextract\extractor\extractor.py changed, reloading.
Watching for file changes with StatReloader
C:\Users\Admin\Desktop\Richline\MIS\dataextract\extractor\extractor.py changed, reloading.
Watching for file changes with StatReloader
C:\Users\Admin\Desktop\Richline\MIS\dataextract\extractor\extractor.py changed, reloading.
Watching for file changes with StatReloader
C:\Users\Admin\Desktop\Richline\MIS\dataextract\extractor\extractor.py changed, reloading.
Watching for file changes with StatReloader
"POST / HTTP/1.1" 200 26319
C:\Users\Admin\Desktop\Richline\MIS\dataextract\extractor\extractor.py changed, reloading.
Watching for file changes with StatReloader
C:\Users\Admin\Desktop\Richline\MIS\dataextract\extractor\extractor.py changed, reloading.
Watching for file changes with StatReloader
C:\Users\Admin\Desktop\Richline\MIS\dataextract\extractor\extractor.py changed, reloading.
Watching for file changes with StatReloader
C:\Users\Admin\Desktop\Richline\MIS\dataextract\extractor\extractor.py changed, reloading.
Watching for file changes with StatReloader
C:\Users\Admin\Desktop\Richline\MIS\dataextract\extractor\extractor.py changed, reloading.
Watching for file changes with StatReloader
"POST / HTTP/1.1" 200 18513
"POST / HTTP/1.1" 200 66206
C:\Users\Admin\Desktop\Richline\MIS\dataextract\extractor\extractor.py changed, reloading.
Watching for file changes with StatReloader
"POST / HTTP/1.1" 200 156470
C:\Users\Admin\Desktop\Richline\MIS\dataextract\extractor\extractor.py changed, reloading.
Watching for file changes with StatReloader
C:\Users\Admin\Desktop\Richline\MIS\dataextract\extractor\extractor.py changed, reloading.
Watching for file changes with StatReloader
C:\Users\Admin\Desktop\Richline\MIS\dataextract\extractor\extractor.py changed, reloading.
Watching for file changes with StatReloader
C:\Users\Admin\Desktop\Richline\MIS\dataextract\extractor\extractor.py changed, reloading.
Watching for file changes with StatReloader
C:\Users\Admin\Desktop\Richline\MIS\dataextract\extractor\extractor.py changed, reloading.
Watching for file changes with StatReloader
C:\Users\Admin\Desktop\Richline\MIS\dataextract\extractor\extractor.py changed, reloading.
Watching for file changes with StatReloader
"POST / HTTP/1.1" 200 122634
C:\Users\Admin\Desktop\Richline\MIS\dataextract\extractor\extractor.py changed, reloading.
Watching for file changes with StatReloader
C:\Users\Admin\Desktop\Richline\MIS\dataextract\extractor\extractor.py changed, reloading.
Watching for file changes with StatReloader
C:\Users\Admin\Desktop\Richline\MIS\dataextract\extractor\extractor.py changed, reloading.
Watching for file changes with StatReloader
C:\Users\Admin\Desktop\Richline\MIS\dataextract\extractor\extractor.py changed, reloading.
Watching for file changes with StatReloader
C:\Users\Admin\Desktop\Richline\MIS\dataextract\extractor\extractor.py changed, reloading.
Watching for file changes with StatReloader
"POST / HTTP/1.1" 200 58589
C:\Users\Admin\Desktop\Richline\MIS\dataextract\extractor\extractor.py changed, reloading.
Watching for file changes with StatReloader
C:\Users\Admin\Desktop\Richline\MIS\dataextract\extractor\extractor.py changed, reloading.
Watching for file changes with StatReloader
C:\Users\Admin\Desktop\Richline\MIS\dataextract\extractor\extractor.py changed, reloading.
Watching for file changes with StatReloader
C:\Users\Admin\Desktop\Richline\MIS\dataextract\extractor\extractor.py changed, reloading.
Watching for file changes with StatReloader
C:\Users\Admin\Desktop\Richline\MIS\dataextract\extractor\extractor.py changed, reloading.
Watching for file changes with StatReloader
C:\Users\Admin\Desktop\Richline\MIS\dataextract\extractor\extractor.py changed, reloading.
Watching for file changes with StatReloader
C:\Users\Admin\Desktop\Richline\MIS\dataextract\extractor\extractor.py changed, reloading.
Watching for file changes with StatReloader
C:\Users\Admin\Desktop\Richline\MIS\dataextract\extractor\extractor.py changed, reloading.
Watching for file changes with StatReloader
"POST / HTTP/1.1" 200 68594
C:\Users\Admin\Desktop\Richline\MIS\dataextract\extractor\extractor.py changed, reloading.
Watching for file changes with StatReloader
C:\Users\Admin\Desktop\Richline\MIS\dataextract\extractor\extractor.py changed, reloading.
Watching for file changes with StatReloader
C:\Users\Admin\Desktop\Richline\MIS\dataextract\extractor\extractor.py changed, reloading.
Watching for file changes with StatReloader
C:\Users\Admin\Desktop\Richline\MIS\dataextract\extractor\extractor.py changed, reloading.
Watching for file changes with StatReloader
C:\Users\Admin\Desktop\Richline\MIS\dataextract\extractor\extractor.py changed, reloading.
Watching for file changes with StatReloader
C:\Users\Admin\Desktop\Richline\MIS\dataextract\extractor\extractor.py changed, reloading.
Watching for file changes with StatReloader
C:\Users\Admin\Desktop\Richline\MIS\dataextract\extractor\extractor.py changed, reloading.
Watching for file changes with StatReloader
C:\Users\Admin\Desktop\Richline\MIS\dataextract\extractor\extractor.py changed, reloading.
Watching for file changes with StatReloader
C:\Users\Admin\Desktop\Richline\MIS\dataextract\extractor\extractor.py changed, reloading.
Watching for file changes with StatReloader
C:\Users\Admin\Desktop\Richline\MIS\dataextract\extractor\extractor.py changed, reloading.
Watching for file changes with StatReloader
C:\Users\Admin\Desktop\Richline\MIS\dataextract\extractor\extractor.py changed, reloading.
Watching for file changes with StatReloader
C:\Users\Admin\Desktop\Richline\MIS\dataextract\extractor\extractor.py changed, reloading.
Watching for file changes with StatReloader
C:\Users\Admin\Desktop\Richline\MIS\dataextract\extractor\extractor.py changed, reloading.
Watching for file changes with StatReloader
C:\Users\Admin\Desktop\Richline\MIS\dataextract\extractor\extractor.py changed, reloading.
Watching for file changes with StatReloader
C:\Users\Admin\Desktop\Richline\MIS\dataextract\extractor\extractor.py changed, reloading.
Watching for file changes with StatReloader
C:\Users\Admin\Desktop\Richline\MIS\dataextract\extractor\extractor.py changed, reloading.
Watching for file changes with StatReloader
C:\Users\Admin\Desktop\Richline\MIS\dataextract\extractor\extractor.py changed, reloading.
Watching for file changes with StatReloader
C:\Users\Admin\Desktop\Richline\MIS\dataextract\extractor\extractor.py changed, reloading.
Watching for file changes with StatReloader
C:\Users\Admin\Desktop\Richline\MIS\dataextract\extractor\extractor.py changed, reloading.
Watching for file changes with StatReloader
C:\Users\Admin\Desktop\Richline\MIS\dataextract\extractor\extractor.py changed, reloading.
Watching for file changes with StatReloader
C:\Users\Admin\Desktop\Richline\MIS\dataextract\extractor\extractor.py changed, reloading.
Watching for file changes with StatReloader
C:\Users\Admin\Desktop\Richline\MIS\dataextract\extractor\extractor.py changed, reloading.
Watching for file changes with StatReloader
C:\Users\Admin\Desktop\Richline\MIS\dataextract\extractor\extractor.py changed, reloading.
Watching for file changes with StatReloader
C:\Users\Admin\Desktop\Richline\MIS\dataextract\extractor\extractor.py changed, reloading.
Watching for file changes with StatReloader
C:\Users\Admin\Desktop\Richline\MIS\dataextract\extractor\extractor.py changed, reloading.
Watching for file changes with StatReloader
C:\Users\Admin\Desktop\Richline\MIS\dataextract\extractor\extractor.py changed, reloading.
Watching for file changes with StatReloader
C:\Users\Admin\Desktop\Richline\MIS\dataextract\extractor\extractor.py changed, reloading.
Watching for file changes with StatReloader
C:\Users\Admin\Desktop\Richline\MIS\dataextract\extractor\extractor.py changed, reloading.
Watching for file changes with StatReloader
C:\Users\Admin\Desktop\Richline\MIS\dataextract\extractor\extractor.py changed, reloading.
Watching for file changes with StatReloader
C:\Users\Admin\Desktop\Richline\MIS\dataextract\extractor\extractor.py changed, reloading.
Watching for file changes with StatReloader
C:\Users\Admin\Desktop\Richline\MIS\dataextract\extractor\extractor.py changed, reloading.
Watching for file changes with StatReloader
C:\Users\Admin\Desktop\Richline\MIS\dataextract\extractor\extractor.py changed, reloading.
Watching for file changes with StatReloader
C:\Users\Admin\Desktop\Richline\MIS\dataextract\extractor\extractor.py changed, reloading.
Watching for file changes with StatReloader
C:\Users\Admin\Desktop\Richline\MIS\dataextract\extractor\extractor.py changed, reloading.
Watching for file changes with StatReloader
C:\Users\Admin\Desktop\Richline\MIS\dataextract\extractor\extractor.py changed, reloading.
Watching for file changes with StatReloader
C:\Users\Admin\Desktop\Richline\MIS\dataextract\extractor\extractor.py changed, reloading.
Watching for file changes with StatReloader
C:\Users\Admin\Desktop\Richline\MIS\dataextract\extractor\extractor.py changed, reloading.
Watching for file changes with StatReloader
C:\Users\Admin\Desktop\Richline\MIS\dataextract\extractor\extractor.py changed, reloading.
Watching for file changes with StatReloader
C:\Users\Admin\Desktop\Richline\MIS\dataextract\extractor\extractor.py changed, reloading.
Watching for file changes with StatReloader
C:\Users\Admin\Desktop\Richline\MIS\dataextract\extractor\extractor.py changed, reloading.
Watching for file changes with StatReloader
C:\Users\Admin\Desktop\Richline\MIS\dataextract\extractor\extractor.py changed, reloading.
Watching for file changes with StatReloader
C:\Users\Admin\Desktop\Richline\MIS\dataextract\extractor\extractor.py changed, reloading.
Watching for file changes with StatReloader
C:\Users\Admin\Desktop\Richline\MIS\dataextract\extractor\extractor.py changed, reloading.
Watching for file changes with StatReloader
C:\Users\Admin\Desktop\Richline\MIS\dataextract\extractor\extractor.py changed, reloading.
Watching for file changes with StatReloader
C:\Users\Admin\Desktop\Richline\MIS\dataextract\extractor\extractor.py changed, reloading.
Watching for file changes with StatReloader
C:\Users\Admin\Desktop\Richline\MIS\dataextract\extractor\extractor.py changed, reloading.
Watching for file changes with StatReloader
C:\Users\Admin\Desktop\Richline\MIS\dataextract\extractor\extractor.py changed, reloading.
Watching for file changes with StatReloader
C:\Users\Admin\Desktop\Richline\MIS\dataextract\extractor\extractor.py changed, reloading.
Watching for file changes with StatReloader
C:\Users\Admin\Desktop\Richline\MIS\dataextract\extractor\extractor.py changed, reloading.
Watching for file changes with StatReloader
C:\Users\Admin\Desktop\Richline\MIS\dataextract\extractor\extractor.py changed, reloading.
Watching for file changes with StatReloader
C:\Users\Admin\Desktop\Richline\MIS\dataextract\extractor\extractor.py changed, reloading.
Watching for file changes with StatReloader
"POST / HTTP/1.1" 200 8453
C:\Users\Admin\Desktop\Richline\MIS\dataextract\extractor\extractor.py changed, reloading.
Watching for file changes with StatReloader
C:\Users\Admin\Desktop\Richline\MIS\dataextract\extractor\extractor.py changed, reloading.
Watching for file changes with StatReloader
C:\Users\Admin\Desktop\Richline\MIS\dataextract\extractor\extractor.py changed, reloading.
Watching for file changes with StatReloader
C:\Users\Admin\Desktop\Richline\MIS\dataextract\extractor\extractor.py changed, reloading.
Watching for file changes with StatReloader
"POST / HTTP/1.1" 200 99373
C:\Users\Admin\Desktop\Richline\MIS\dataextract\extractor\extractor.py changed, reloading.
Watching for file changes with StatReloader
C:\Users\Admin\Desktop\Richline\MIS\dataextract\extractor\extractor.py changed, reloading.
Watching for file changes with StatReloader
C:\Users\Admin\Desktop\Richline\MIS\dataextract\extractor\extractor.py changed, reloading.
Watching for file changes with StatReloader
"GET / HTTP/1.1" 200 1485
"POST / HTTP/1.1" 200 55759
- Broken pipe from ('127.0.0.1', 62479)
Watching for file changes with StatReloader
"GET / HTTP/1.1" 200 1485
Not Found: /favicon.ico
"GET /favicon.ico HTTP/1.1" 404 2465
"POST / HTTP/1.1" 200 1780
Watching for file changes with StatReloader
"GET / HTTP/1.1" 200 1485
"POST / HTTP/1.1" 200 1780
"POST / HTTP/1.1" 200 1780
Watching for file changes with StatReloader
"GET / HTTP/1.1" 200 1485
Not Found: /favicon.ico
"GET /favicon.ico HTTP/1.1" 404 2465
"POST / HTTP/1.1" 200 1780
Watching for file changes with StatReloader
"GET / HTTP/1.1" 200 1485
"GET / HTTP/1.1" 200 1485
"GET / HTTP/1.1" 200 1485
"POST / HTTP/1.1" 200 1780
Watching for file changes with StatReloader
"POST / HTTP/1.1" 200 1780
"GET / HTTP/1.1" 200 1485
"POST / HTTP/1.1" 200 1780
Watching for file changes with StatReloader
"GET / HTTP/1.1" 200 1485
"POST / HTTP/1.1" 200 1780
Watching for file changes with StatReloader
"GET / HTTP/1.1" 200 1485
"POST / HTTP/1.1" 200 1780
D:\code playground\Richline\Richline\MIS\dataextract\extractor\extractor.py changed, reloading.
Watching for file changes with StatReloader
D:\code playground\Richline\Richline\MIS\dataextract\extractor\extractor.py changed, reloading.
Watching for file changes with StatReloader
D:\code playground\Richline\Richline\MIS\dataextract\extractor\extractor.py changed, reloading.
Watching for file changes with StatReloader
D:\code playground\Richline\Richline\MIS\dataextract\extractor\extractor.py changed, reloading.
Watching for file changes with StatReloader
Watching for file changes with StatReloader
"GET / HTTP/1.1" 200 1485
"POST / HTTP/1.1" 200 55759
D:\code playground\Richline\Richline\MIS\dataextract\extractor\extractor.py changed, reloading.
Watching for file changes with StatReloader
Watching for file changes with StatReloader
Watching for file changes with StatReloader
Watching for file changes with StatReloader
D:\code playground\Richline\Richline\MIS\dataextract\extractor\extractor.py changed, reloading.
Watching for file changes with StatReloader
Watching for file changes with StatReloader
D:\code playground\Richline\Richline\MIS\dataextract\extractor\extractor.py changed, reloading.
Watching for file changes with StatReloader
"GET / HTTP/1.1" 200 1485
"POST / HTTP/1.1" 200 6842
D:\code playground\Richline\Richline\MIS\dataextract\extractor\extractor.py changed, reloading.
Watching for file changes with StatReloader
Watching for file changes with StatReloader
Watching for file changes with StatReloader
Watching for file changes with StatReloader
Watching for file changes with StatReloader
D:\code playground\Richline\Richline\MIS\dataextract\extractor\extractor.py changed, reloading.
Watching for file changes with StatReloader
Watching for file changes with StatReloader
Watching for file changes with StatReloader
Watching for file changes with StatReloader
D:\code playground\Richline\Richline\MIS\dataextract\extractor\extractor.py changed, reloading.
Watching for file changes with StatReloader
